<?xml version="1.0" encoding="UTF-8"?>
<!-- Generated by org.testng.reporters.JUnitXMLReporter -->
<testsuite hostname="LAPTOP-P9AHAKG1" ignored="0" name="Test" tests="6" failures="1" timestamp="17 Sep 2019 17:16:51 GMT" time="6.232" errors="0">
  <testcase name="delete_Test" time="2.638" classname="com.restassured.RestAssuredProject.RestAssuredmethodsTest"/>
  <testcase name="get_Test" time="0.28" classname="com.restassured.RestAssuredProject.RestAssuredmethodsTest"/>
  <testcase name="post_Test" time="1.145" classname="com.restassured.RestAssuredProject.RestAssuredmethodsTest"/>
  <testcase name="put_Test" time="0.52" classname="com.restassured.RestAssuredProject.RestAssuredmethodsTest"/>
  <testcase name="post_Test" time="0.58" classname="xmlRestassured.XmlErrorTest"/>
  <testcase name="testno_of_Circuit" time="0.976" classname="com.restassured.RestAssuredProject.RestTest">
    <failure type="java.lang.AssertionError" message="1 expectation failed.
XML path MRData.Race.Circuit.circuitId doesn&amp;apos;t match.
Expected: a collection with size &amp;lt;10&amp;gt;
  Actual: 
">
      <![CDATA[java.lang.AssertionError: 1 expectation failed.
XML path MRData.Race.Circuit.circuitId doesn't match.
Expected: a collection with size <10>
  Actual: 

at org.codehaus.groovy.runtime.callsite.ConstructorSite$ConstructorSiteNoUnwrap.callConstructor(ConstructorSite.java:84)
at org.codehaus.groovy.runtime.callsite.CallSiteArray.defaultCallConstructor(CallSiteArray.java:59)
at org.codehaus.groovy.runtime.callsite.AbstractCallSite.callConstructor(AbstractCallSite.java:237)
at org.codehaus.groovy.runtime.callsite.AbstractCallSite.callConstructor(AbstractCallSite.java:249)
at io.restassured.internal.ResponseSpecificationImpl$HamcrestAssertionClosure.validate(ResponseSpecificationImpl.groovy:493)
at io.restassured.internal.ResponseSpecificationImpl$HamcrestAssertionClosure$validate$1.call(Unknown Source)
at io.restassured.internal.ResponseSpecificationImpl.validateResponseIfRequired(ResponseSpecificationImpl.groovy:671)
at org.codehaus.groovy.runtime.callsite.PlainObjectMetaMethodSite.doInvoke(PlainObjectMetaMethodSite.java:43)
at org.codehaus.groovy.runtime.callsite.PogoMetaMethodSite$PogoCachedMethodSiteNoUnwrapNoCoerce.invoke(PogoMetaMethodSite.java:190)
at org.codehaus.groovy.runtime.callsite.PogoMetaMethodSite.callCurrent(PogoMetaMethodSite.java:58)
at org.codehaus.groovy.runtime.callsite.AbstractCallSite.callCurrent(AbstractCallSite.java:168)
at io.restassured.internal.ResponseSpecificationImpl.body(ResponseSpecificationImpl.groovy:261)
at io.restassured.specification.ResponseSpecification$body$1.callCurrent(Unknown Source)
at org.codehaus.groovy.runtime.callsite.CallSiteArray.defaultCallCurrent(CallSiteArray.java:51)
at io.restassured.specification.ResponseSpecification$body$1.callCurrent(Unknown Source)
at io.restassured.internal.ResponseSpecificationImpl.body(ResponseSpecificationImpl.groovy:108)
at io.restassured.internal.ValidatableResponseOptionsImpl.body(ValidatableResponseOptionsImpl.java:244)
at io.restassured.internal.ValidatableResponseImpl.super$2$body(ValidatableResponseImpl.groovy)
at groovy.lang.MetaMethod.doMethodInvoke(MetaMethod.java:323)
at groovy.lang.MetaClassImpl.invokeMethod(MetaClassImpl.java:1217)
at org.codehaus.groovy.runtime.ScriptBytecodeAdapter.invokeMethodOnSuperN(ScriptBytecodeAdapter.java:144)
at io.restassured.internal.ValidatableResponseImpl.body(ValidatableResponseImpl.groovy:298)
at io.restassured.internal.ValidatableResponseImpl.body(ValidatableResponseImpl.groovy)
at com.restassured.RestAssuredProject.RestTest.testno_of_Circuit(RestTest.java:17)
... Removed 40 stack frames]]>
    </failure>
  </testcase> <!-- testno_of_Circuit -->
</testsuite> <!-- Test -->
